{"D:\\Rafael\\Hacktiv\\Phase2\\Day 6\\ip-RizyaRafael\\server\\app.js": {"path":"D:\\Rafael\\Hacktiv\\Phase2\\Day 6\\ip-RizyaRafael\\server\\app.js","statementMap":{"0":{"start":{"line":1,"column":0},"end":{"line":3,"column":1}},"1":{"start":{"line":2,"column":2},"end":{"line":2,"column":28}},"2":{"start":{"line":5,"column":13},"end":{"line":5,"column":28}},"3":{"start":{"line":6,"column":16},"end":{"line":6,"column":34}},"4":{"start":{"line":7,"column":15},"end":{"line":7,"column":34}},"5":{"start":{"line":8,"column":12},"end":{"line":8,"column":21}},"6":{"start":{"line":9,"column":13},"end":{"line":9,"column":37}},"7":{"start":{"line":12,"column":0},"end":{"line":12,"column":15}},"8":{"start":{"line":13,"column":0},"end":{"line":13,"column":44}},"9":{"start":{"line":14,"column":0},"end":{"line":14,"column":23}},"10":{"start":{"line":15,"column":0},"end":{"line":15,"column":15}},"11":{"start":{"line":17,"column":0},"end":{"line":19,"column":2}},"12":{"start":{"line":18,"column":2},"end":{"line":18,"column":54}},"13":{"start":{"line":20,"column":0},"end":{"line":20,"column":20}}},"fnMap":{"0":{"name":"(anonymous_0)","decl":{"start":{"line":17,"column":17},"end":{"line":17,"column":18}},"loc":{"start":{"line":17,"column":23},"end":{"line":19,"column":1}},"line":17}},"branchMap":{"0":{"loc":{"start":{"line":1,"column":0},"end":{"line":3,"column":1}},"type":"if","locations":[{"start":{"line":1,"column":0},"end":{"line":3,"column":1}},{"start":{},"end":{}}],"line":1},"1":{"loc":{"start":{"line":9,"column":13},"end":{"line":9,"column":37}},"type":"binary-expr","locations":[{"start":{"line":9,"column":13},"end":{"line":9,"column":29}},{"start":{"line":9,"column":33},"end":{"line":9,"column":37}}],"line":9}},"s":{"0":4,"1":4,"2":4,"3":4,"4":4,"5":4,"6":4,"7":4,"8":4,"9":4,"10":4,"11":4,"12":1,"13":4},"f":{"0":1},"b":{"0":[4,0],"1":[4,4]},"_coverageSchema":"1a1c01bbd47fc00a2c39e90264f33305004495a9","hash":"e572d57c077d21f0de5f8a9c9bf849f7816eb2e4"}
,"D:\\Rafael\\Hacktiv\\Phase2\\Day 6\\ip-RizyaRafael\\server\\Controller\\controller.js": {"path":"D:\\Rafael\\Hacktiv\\Phase2\\Day 6\\ip-RizyaRafael\\server\\Controller\\controller.js","statementMap":{"0":{"start":{"line":1,"column":24},"end":{"line":1,"column":51}},"1":{"start":{"line":2,"column":22},"end":{"line":2,"column":46}},"2":{"start":{"line":3,"column":33},"end":{"line":3,"column":59}},"3":{"start":{"line":4,"column":25},"end":{"line":4,"column":55}},"4":{"start":{"line":6,"column":18},"end":{"line":6,"column":35}},"5":{"start":{"line":10,"column":8},"end":{"line":27,"column":9}},"6":{"start":{"line":11,"column":27},"end":{"line":11,"column":35}},"7":{"start":{"line":12,"column":25},"end":{"line":23,"column":14}},"8":{"start":{"line":24,"column":12},"end":{"line":24,"column":38}},"9":{"start":{"line":26,"column":12},"end":{"line":26,"column":23}},"10":{"start":{"line":31,"column":8},"end":{"line":36,"column":9}},"11":{"start":{"line":32,"column":25},"end":{"line":32,"column":46}},"12":{"start":{"line":33,"column":12},"end":{"line":33,"column":38}},"13":{"start":{"line":35,"column":12},"end":{"line":35,"column":23}},"14":{"start":{"line":40,"column":8},"end":{"line":63,"column":9}},"15":{"start":{"line":41,"column":40},"end":{"line":41,"column":48}},"16":{"start":{"line":42,"column":12},"end":{"line":44,"column":13}},"17":{"start":{"line":43,"column":16},"end":{"line":43,"column":57}},"18":{"start":{"line":46,"column":29},"end":{"line":48,"column":14}},"19":{"start":{"line":49,"column":12},"end":{"line":51,"column":13}},"20":{"start":{"line":50,"column":16},"end":{"line":50,"column":46}},"21":{"start":{"line":52,"column":26},"end":{"line":52,"column":66}},"22":{"start":{"line":53,"column":12},"end":{"line":55,"column":13}},"23":{"start":{"line":54,"column":16},"end":{"line":54,"column":46}},"24":{"start":{"line":56,"column":33},"end":{"line":56,"column":63}},"25":{"start":{"line":57,"column":12},"end":{"line":59,"column":14}},"26":{"start":{"line":61,"column":12},"end":{"line":61,"column":31}},"27":{"start":{"line":62,"column":12},"end":{"line":62,"column":23}},"28":{"start":{"line":67,"column":8},"end":{"line":96,"column":9}},"29":{"start":{"line":68,"column":37},"end":{"line":68,"column":48}},"30":{"start":{"line":69,"column":27},"end":{"line":69,"column":45}},"31":{"start":{"line":70,"column":27},"end":{"line":73,"column":14}},"32":{"start":{"line":74,"column":28},"end":{"line":74,"column":47}},"33":{"start":{"line":75,"column":36},"end":{"line":75,"column":43}},"34":{"start":{"line":76,"column":35},"end":{"line":87,"column":14}},"35":{"start":{"line":88,"column":33},"end":{"line":88,"column":59}},"36":{"start":{"line":89,"column":27},"end":{"line":89,"column":45}},"37":{"start":{"line":90,"column":12},"end":{"line":92,"column":14}},"38":{"start":{"line":94,"column":12},"end":{"line":94,"column":31}},"39":{"start":{"line":95,"column":12},"end":{"line":95,"column":23}},"40":{"start":{"line":100,"column":8},"end":{"line":118,"column":9}},"41":{"start":{"line":101,"column":50},"end":{"line":101,"column":58}},"42":{"start":{"line":102,"column":12},"end":{"line":104,"column":13}},"43":{"start":{"line":103,"column":16},"end":{"line":103,"column":57}},"44":{"start":{"line":105,"column":12},"end":{"line":107,"column":13}},"45":{"start":{"line":106,"column":16},"end":{"line":106,"column":51}},"46":{"start":{"line":108,"column":12},"end":{"line":108,"column":60}},"47":{"start":{"line":109,"column":28},"end":{"line":111,"column":14}},"48":{"start":{"line":112,"column":12},"end":{"line":115,"column":14}},"49":{"start":{"line":117,"column":12},"end":{"line":117,"column":23}},"50":{"start":{"line":122,"column":8},"end":{"line":127,"column":9}},"51":{"start":{"line":123,"column":25},"end":{"line":123,"column":48}},"52":{"start":{"line":124,"column":12},"end":{"line":124,"column":38}},"53":{"start":{"line":126,"column":12},"end":{"line":126,"column":23}},"54":{"start":{"line":131,"column":8},"end":{"line":140,"column":9}},"55":{"start":{"line":132,"column":34},"end":{"line":132,"column":44}},"56":{"start":{"line":133,"column":25},"end":{"line":133,"column":80}},"57":{"start":{"line":134,"column":12},"end":{"line":136,"column":13}},"58":{"start":{"line":135,"column":16},"end":{"line":135,"column":44}},"59":{"start":{"line":137,"column":12},"end":{"line":137,"column":38}},"60":{"start":{"line":139,"column":12},"end":{"line":139,"column":23}},"61":{"start":{"line":144,"column":8},"end":{"line":161,"column":9}},"62":{"start":{"line":145,"column":34},"end":{"line":145,"column":44}},"63":{"start":{"line":146,"column":25},"end":{"line":157,"column":14}},"64":{"start":{"line":158,"column":12},"end":{"line":158,"column":38}},"65":{"start":{"line":160,"column":12},"end":{"line":160,"column":23}},"66":{"start":{"line":165,"column":8},"end":{"line":193,"column":9}},"67":{"start":{"line":166,"column":34},"end":{"line":166,"column":44}},"68":{"start":{"line":167,"column":27},"end":{"line":167,"column":35}},"69":{"start":{"line":168,"column":65},"end":{"line":168,"column":73}},"70":{"start":{"line":169,"column":28},"end":{"line":171,"column":14}},"71":{"start":{"line":172,"column":30},"end":{"line":172,"column":40}},"72":{"start":{"line":173,"column":25},"end":{"line":175,"column":14}},"73":{"start":{"line":176,"column":27},"end":{"line":178,"column":14}},"74":{"start":{"line":180,"column":31},"end":{"line":187,"column":14}},"75":{"start":{"line":188,"column":12},"end":{"line":188,"column":89}},"76":{"start":{"line":189,"column":12},"end":{"line":189,"column":84}},"77":{"start":{"line":191,"column":12},"end":{"line":191,"column":44}},"78":{"start":{"line":192,"column":12},"end":{"line":192,"column":23}},"79":{"start":{"line":197,"column":8},"end":{"line":211,"column":9}},"80":{"start":{"line":198,"column":30},"end":{"line":198,"column":40}},"81":{"start":{"line":199,"column":25},"end":{"line":199,"column":54}},"82":{"start":{"line":200,"column":12},"end":{"line":202,"column":13}},"83":{"start":{"line":201,"column":16},"end":{"line":201,"column":46}},"84":{"start":{"line":203,"column":12},"end":{"line":207,"column":14}},"85":{"start":{"line":208,"column":12},"end":{"line":208,"column":79}},"86":{"start":{"line":210,"column":12},"end":{"line":210,"column":23}},"87":{"start":{"line":215,"column":0},"end":{"line":215,"column":27}}},"fnMap":{"0":{"name":"(anonymous_0)","decl":{"start":{"line":9,"column":4},"end":{"line":9,"column":5}},"loc":{"start":{"line":9,"column":46},"end":{"line":28,"column":5}},"line":9},"1":{"name":"(anonymous_1)","decl":{"start":{"line":30,"column":4},"end":{"line":30,"column":5}},"loc":{"start":{"line":30,"column":42},"end":{"line":37,"column":5}},"line":30},"2":{"name":"(anonymous_2)","decl":{"start":{"line":39,"column":4},"end":{"line":39,"column":5}},"loc":{"start":{"line":39,"column":39},"end":{"line":64,"column":5}},"line":39},"3":{"name":"(anonymous_3)","decl":{"start":{"line":66,"column":4},"end":{"line":66,"column":5}},"loc":{"start":{"line":66,"column":45},"end":{"line":97,"column":5}},"line":66},"4":{"name":"(anonymous_4)","decl":{"start":{"line":99,"column":4},"end":{"line":99,"column":5}},"loc":{"start":{"line":99,"column":42},"end":{"line":119,"column":5}},"line":99},"5":{"name":"(anonymous_5)","decl":{"start":{"line":121,"column":4},"end":{"line":121,"column":5}},"loc":{"start":{"line":121,"column":44},"end":{"line":128,"column":5}},"line":121},"6":{"name":"(anonymous_6)","decl":{"start":{"line":130,"column":4},"end":{"line":130,"column":5}},"loc":{"start":{"line":130,"column":45},"end":{"line":141,"column":5}},"line":130},"7":{"name":"(anonymous_7)","decl":{"start":{"line":143,"column":4},"end":{"line":143,"column":5}},"loc":{"start":{"line":143,"column":46},"end":{"line":162,"column":5}},"line":143},"8":{"name":"(anonymous_8)","decl":{"start":{"line":164,"column":4},"end":{"line":164,"column":5}},"loc":{"start":{"line":164,"column":45},"end":{"line":194,"column":5}},"line":164},"9":{"name":"(anonymous_9)","decl":{"start":{"line":196,"column":4},"end":{"line":196,"column":5}},"loc":{"start":{"line":196,"column":40},"end":{"line":212,"column":5}},"line":196}},"branchMap":{"0":{"loc":{"start":{"line":42,"column":12},"end":{"line":44,"column":13}},"type":"if","locations":[{"start":{"line":42,"column":12},"end":{"line":44,"column":13}},{"start":{},"end":{}}],"line":42},"1":{"loc":{"start":{"line":42,"column":16},"end":{"line":42,"column":35}},"type":"binary-expr","locations":[{"start":{"line":42,"column":16},"end":{"line":42,"column":22}},{"start":{"line":42,"column":26},"end":{"line":42,"column":35}}],"line":42},"2":{"loc":{"start":{"line":49,"column":12},"end":{"line":51,"column":13}},"type":"if","locations":[{"start":{"line":49,"column":12},"end":{"line":51,"column":13}},{"start":{},"end":{}}],"line":49},"3":{"loc":{"start":{"line":53,"column":12},"end":{"line":55,"column":13}},"type":"if","locations":[{"start":{"line":53,"column":12},"end":{"line":55,"column":13}},{"start":{},"end":{}}],"line":53},"4":{"loc":{"start":{"line":89,"column":27},"end":{"line":89,"column":45}},"type":"cond-expr","locations":[{"start":{"line":89,"column":36},"end":{"line":89,"column":39}},{"start":{"line":89,"column":42},"end":{"line":89,"column":45}}],"line":89},"5":{"loc":{"start":{"line":102,"column":12},"end":{"line":104,"column":13}},"type":"if","locations":[{"start":{"line":102,"column":12},"end":{"line":104,"column":13}},{"start":{},"end":{}}],"line":102},"6":{"loc":{"start":{"line":102,"column":16},"end":{"line":102,"column":35}},"type":"binary-expr","locations":[{"start":{"line":102,"column":16},"end":{"line":102,"column":22}},{"start":{"line":102,"column":26},"end":{"line":102,"column":35}}],"line":102},"7":{"loc":{"start":{"line":105,"column":12},"end":{"line":107,"column":13}},"type":"if","locations":[{"start":{"line":105,"column":12},"end":{"line":107,"column":13}},{"start":{},"end":{}}],"line":105},"8":{"loc":{"start":{"line":134,"column":12},"end":{"line":136,"column":13}},"type":"if","locations":[{"start":{"line":134,"column":12},"end":{"line":136,"column":13}},{"start":{},"end":{}}],"line":134},"9":{"loc":{"start":{"line":200,"column":12},"end":{"line":202,"column":13}},"type":"if","locations":[{"start":{"line":200,"column":12},"end":{"line":202,"column":13}},{"start":{},"end":{}}],"line":200}},"s":{"0":4,"1":4,"2":4,"3":4,"4":4,"5":0,"6":0,"7":0,"8":0,"9":0,"10":1,"11":1,"12":1,"13":0,"14":0,"15":0,"16":0,"17":0,"18":0,"19":0,"20":0,"21":0,"22":0,"23":0,"24":0,"25":0,"26":0,"27":0,"28":0,"29":0,"30":0,"31":0,"32":0,"33":0,"34":0,"35":0,"36":0,"37":0,"38":0,"39":0,"40":6,"41":6,"42":6,"43":2,"44":4,"45":1,"46":3,"47":2,"48":2,"49":4,"50":0,"51":0,"52":0,"53":0,"54":0,"55":0,"56":0,"57":0,"58":0,"59":0,"60":0,"61":0,"62":0,"63":0,"64":0,"65":0,"66":0,"67":0,"68":0,"69":0,"70":0,"71":0,"72":0,"73":0,"74":0,"75":0,"76":0,"77":0,"78":0,"79":0,"80":0,"81":0,"82":0,"83":0,"84":0,"85":0,"86":0,"87":4},"f":{"0":0,"1":1,"2":0,"3":0,"4":6,"5":0,"6":0,"7":0,"8":0,"9":0},"b":{"0":[0,0],"1":[0,0],"2":[0,0],"3":[0,0],"4":[0,0],"5":[2,4],"6":[6,6],"7":[1,3],"8":[0,0],"9":[0,0]},"_coverageSchema":"1a1c01bbd47fc00a2c39e90264f33305004495a9","hash":"c299cc9b3d545fb04c1fbcea3c8f7cefec08944e"}
,"D:\\Rafael\\Hacktiv\\Phase2\\Day 6\\ip-RizyaRafael\\server\\helper\\bcrypt.js": {"path":"D:\\Rafael\\Hacktiv\\Phase2\\Day 6\\ip-RizyaRafael\\server\\helper\\bcrypt.js","statementMap":{"0":{"start":{"line":1,"column":15},"end":{"line":1,"column":34}},"1":{"start":{"line":4,"column":15},"end":{"line":4,"column":37}},"2":{"start":{"line":5,"column":15},"end":{"line":5,"column":43}},"3":{"start":{"line":6,"column":4},"end":{"line":6,"column":15}},"4":{"start":{"line":10,"column":4},"end":{"line":10,"column":45}},"5":{"start":{"line":13,"column":0},"end":{"line":16,"column":1}}},"fnMap":{"0":{"name":"hashPass","decl":{"start":{"line":3,"column":9},"end":{"line":3,"column":17}},"loc":{"start":{"line":3,"column":25},"end":{"line":7,"column":1}},"line":3},"1":{"name":"comparePass","decl":{"start":{"line":9,"column":9},"end":{"line":9,"column":20}},"loc":{"start":{"line":9,"column":37},"end":{"line":11,"column":1}},"line":9}},"branchMap":{},"s":{"0":4,"1":6,"2":6,"3":6,"4":0,"5":4},"f":{"0":6,"1":0},"b":{},"_coverageSchema":"1a1c01bbd47fc00a2c39e90264f33305004495a9","hash":"8e5a770b7037a87624762b3a50724f6b53b0bb15"}
,"D:\\Rafael\\Hacktiv\\Phase2\\Day 6\\ip-RizyaRafael\\server\\helper\\jwt.js": {"path":"D:\\Rafael\\Hacktiv\\Phase2\\Day 6\\ip-RizyaRafael\\server\\helper\\jwt.js","statementMap":{"0":{"start":{"line":1,"column":12},"end":{"line":1,"column":35}},"1":{"start":{"line":3,"column":15},"end":{"line":3,"column":33}},"2":{"start":{"line":6,"column":4},"end":{"line":6,"column":36}},"3":{"start":{"line":10,"column":4},"end":{"line":10,"column":38}},"4":{"start":{"line":13,"column":0},"end":{"line":16,"column":1}}},"fnMap":{"0":{"name":"signToken","decl":{"start":{"line":5,"column":9},"end":{"line":5,"column":18}},"loc":{"start":{"line":5,"column":29},"end":{"line":7,"column":1}},"line":5},"1":{"name":"verivyToken","decl":{"start":{"line":9,"column":9},"end":{"line":9,"column":20}},"loc":{"start":{"line":9,"column":31},"end":{"line":11,"column":1}},"line":9}},"branchMap":{},"s":{"0":4,"1":4,"2":0,"3":0,"4":4},"f":{"0":0,"1":0},"b":{},"_coverageSchema":"1a1c01bbd47fc00a2c39e90264f33305004495a9","hash":"60a77b700a095e9ae63e9a400b80963b5f7d9147"}
,"D:\\Rafael\\Hacktiv\\Phase2\\Day 6\\ip-RizyaRafael\\server\\middleware\\authentication.js": {"path":"D:\\Rafael\\Hacktiv\\Phase2\\Day 6\\ip-RizyaRafael\\server\\middleware\\authentication.js","statementMap":{"0":{"start":{"line":1,"column":12},"end":{"line":1,"column":35}},"1":{"start":{"line":2,"column":15},"end":{"line":2,"column":33}},"2":{"start":{"line":3,"column":17},"end":{"line":3,"column":46}},"3":{"start":{"line":7,"column":4},"end":{"line":27,"column":5}},"4":{"start":{"line":8,"column":28},"end":{"line":8,"column":53}},"5":{"start":{"line":9,"column":8},"end":{"line":11,"column":9}},"6":{"start":{"line":10,"column":12},"end":{"line":10,"column":43}},"7":{"start":{"line":12,"column":22},"end":{"line":12,"column":47}},"8":{"start":{"line":14,"column":29},"end":{"line":14,"column":54}},"9":{"start":{"line":15,"column":21},"end":{"line":15,"column":57}},"10":{"start":{"line":16,"column":8},"end":{"line":18,"column":9}},"11":{"start":{"line":17,"column":12},"end":{"line":17,"column":43}},"12":{"start":{"line":19,"column":8},"end":{"line":22,"column":9}},"13":{"start":{"line":23,"column":8},"end":{"line":23,"column":14}},"14":{"start":{"line":25,"column":8},"end":{"line":25,"column":27}},"15":{"start":{"line":26,"column":8},"end":{"line":26,"column":19}},"16":{"start":{"line":30,"column":0},"end":{"line":30,"column":31}}},"fnMap":{"0":{"name":"authentication","decl":{"start":{"line":6,"column":15},"end":{"line":6,"column":29}},"loc":{"start":{"line":6,"column":46},"end":{"line":28,"column":1}},"line":6}},"branchMap":{"0":{"loc":{"start":{"line":9,"column":8},"end":{"line":11,"column":9}},"type":"if","locations":[{"start":{"line":9,"column":8},"end":{"line":11,"column":9}},{"start":{},"end":{}}],"line":9},"1":{"loc":{"start":{"line":16,"column":8},"end":{"line":18,"column":9}},"type":"if","locations":[{"start":{"line":16,"column":8},"end":{"line":18,"column":9}},{"start":{},"end":{}}],"line":16}},"s":{"0":4,"1":4,"2":4,"3":0,"4":0,"5":0,"6":0,"7":0,"8":0,"9":0,"10":0,"11":0,"12":0,"13":0,"14":0,"15":0,"16":4},"f":{"0":0},"b":{"0":[0,0],"1":[0,0]},"_coverageSchema":"1a1c01bbd47fc00a2c39e90264f33305004495a9","hash":"fc2a6be9f881677cacc8cb997b0e9cc3939a55d2"}
,"D:\\Rafael\\Hacktiv\\Phase2\\Day 6\\ip-RizyaRafael\\server\\middleware\\errorHandler.js": {"path":"D:\\Rafael\\Hacktiv\\Phase2\\Day 6\\ip-RizyaRafael\\server\\middleware\\errorHandler.js","statementMap":{"0":{"start":{"line":3,"column":4},"end":{"line":40,"column":5}},"1":{"start":{"line":5,"column":12},"end":{"line":7,"column":14}},"2":{"start":{"line":8,"column":12},"end":{"line":8,"column":18}},"3":{"start":{"line":10,"column":12},"end":{"line":12,"column":14}},"4":{"start":{"line":13,"column":12},"end":{"line":13,"column":18}},"5":{"start":{"line":15,"column":12},"end":{"line":17,"column":14}},"6":{"start":{"line":18,"column":12},"end":{"line":18,"column":18}},"7":{"start":{"line":20,"column":12},"end":{"line":22,"column":14}},"8":{"start":{"line":23,"column":12},"end":{"line":23,"column":18}},"9":{"start":{"line":26,"column":12},"end":{"line":28,"column":14}},"10":{"start":{"line":29,"column":12},"end":{"line":29,"column":18}},"11":{"start":{"line":31,"column":12},"end":{"line":33,"column":14}},"12":{"start":{"line":34,"column":12},"end":{"line":34,"column":18}},"13":{"start":{"line":36,"column":12},"end":{"line":38,"column":14}},"14":{"start":{"line":39,"column":12},"end":{"line":39,"column":18}},"15":{"start":{"line":43,"column":0},"end":{"line":43,"column":29}}},"fnMap":{"0":{"name":"errorHandler","decl":{"start":{"line":2,"column":9},"end":{"line":2,"column":21}},"loc":{"start":{"line":2,"column":45},"end":{"line":41,"column":1}},"line":2}},"branchMap":{"0":{"loc":{"start":{"line":3,"column":4},"end":{"line":40,"column":5}},"type":"switch","locations":[{"start":{"line":4,"column":8},"end":{"line":8,"column":18}},{"start":{"line":9,"column":8},"end":{"line":13,"column":18}},{"start":{"line":14,"column":8},"end":{"line":18,"column":18}},{"start":{"line":19,"column":8},"end":{"line":23,"column":18}},{"start":{"line":24,"column":8},"end":{"line":24,"column":29}},{"start":{"line":25,"column":8},"end":{"line":29,"column":18}},{"start":{"line":30,"column":8},"end":{"line":34,"column":18}},{"start":{"line":35,"column":8},"end":{"line":39,"column":18}}],"line":3}},"s":{"0":4,"1":2,"2":2,"3":1,"4":1,"5":1,"6":1,"7":0,"8":0,"9":0,"10":0,"11":0,"12":0,"13":0,"14":0,"15":4},"f":{"0":4},"b":{"0":[2,1,1,0,0,0,0,0]},"_coverageSchema":"1a1c01bbd47fc00a2c39e90264f33305004495a9","hash":"d74421023c30072c3ea7fe2047fc1e86743353a8"}
,"D:\\Rafael\\Hacktiv\\Phase2\\Day 6\\ip-RizyaRafael\\server\\models\\build.js": {"path":"D:\\Rafael\\Hacktiv\\Phase2\\Day 6\\ip-RizyaRafael\\server\\models\\build.js","statementMap":{"0":{"start":{"line":4,"column":4},"end":{"line":4,"column":24}},"1":{"start":{"line":5,"column":0},"end":{"line":43,"column":2}},"2":{"start":{"line":13,"column":6},"end":{"line":13,"column":34}},"3":{"start":{"line":14,"column":6},"end":{"line":14,"column":37}},"4":{"start":{"line":18,"column":2},"end":{"line":41,"column":5}},"5":{"start":{"line":42,"column":2},"end":{"line":42,"column":15}}},"fnMap":{"0":{"name":"(anonymous_0)","decl":{"start":{"line":5,"column":17},"end":{"line":5,"column":18}},"loc":{"start":{"line":5,"column":43},"end":{"line":43,"column":1}},"line":5},"1":{"name":"(anonymous_1)","decl":{"start":{"line":12,"column":4},"end":{"line":12,"column":5}},"loc":{"start":{"line":12,"column":29},"end":{"line":16,"column":5}},"line":12}},"branchMap":{},"s":{"0":4,"1":4,"2":4,"3":4,"4":4,"5":4},"f":{"0":4,"1":4},"b":{},"_coverageSchema":"1a1c01bbd47fc00a2c39e90264f33305004495a9","hash":"626df416db81ea24f4771396b59786eca7b57277"}
,"D:\\Rafael\\Hacktiv\\Phase2\\Day 6\\ip-RizyaRafael\\server\\models\\index.js": {"path":"D:\\Rafael\\Hacktiv\\Phase2\\Day 6\\ip-RizyaRafael\\server\\models\\index.js","statementMap":{"0":{"start":{"line":3,"column":11},"end":{"line":3,"column":24}},"1":{"start":{"line":4,"column":13},"end":{"line":4,"column":28}},"2":{"start":{"line":5,"column":18},"end":{"line":5,"column":38}},"3":{"start":{"line":6,"column":16},"end":{"line":6,"column":34}},"4":{"start":{"line":7,"column":17},"end":{"line":7,"column":42}},"5":{"start":{"line":8,"column":12},"end":{"line":8,"column":49}},"6":{"start":{"line":9,"column":15},"end":{"line":9,"column":65}},"7":{"start":{"line":10,"column":11},"end":{"line":10,"column":13}},"8":{"start":{"line":13,"column":0},"end":{"line":17,"column":1}},"9":{"start":{"line":14,"column":2},"end":{"line":14,"column":74}},"10":{"start":{"line":16,"column":2},"end":{"line":16,"column":87}},"11":{"start":{"line":19,"column":0},"end":{"line":32,"column":5}},"12":{"start":{"line":22,"column":4},"end":{"line":27,"column":6}},"13":{"start":{"line":30,"column":18},"end":{"line":30,"column":85}},"14":{"start":{"line":31,"column":4},"end":{"line":31,"column":27}},"15":{"start":{"line":34,"column":0},"end":{"line":38,"column":3}},"16":{"start":{"line":35,"column":2},"end":{"line":37,"column":3}},"17":{"start":{"line":36,"column":4},"end":{"line":36,"column":32}},"18":{"start":{"line":40,"column":0},"end":{"line":40,"column":25}},"19":{"start":{"line":41,"column":0},"end":{"line":41,"column":25}},"20":{"start":{"line":43,"column":0},"end":{"line":43,"column":20}}},"fnMap":{"0":{"name":"(anonymous_0)","decl":{"start":{"line":21,"column":10},"end":{"line":21,"column":11}},"loc":{"start":{"line":21,"column":18},"end":{"line":28,"column":3}},"line":21},"1":{"name":"(anonymous_1)","decl":{"start":{"line":29,"column":11},"end":{"line":29,"column":12}},"loc":{"start":{"line":29,"column":19},"end":{"line":32,"column":3}},"line":29},"2":{"name":"(anonymous_2)","decl":{"start":{"line":34,"column":24},"end":{"line":34,"column":25}},"loc":{"start":{"line":34,"column":37},"end":{"line":38,"column":1}},"line":34}},"branchMap":{"0":{"loc":{"start":{"line":8,"column":12},"end":{"line":8,"column":49}},"type":"binary-expr","locations":[{"start":{"line":8,"column":12},"end":{"line":8,"column":32}},{"start":{"line":8,"column":36},"end":{"line":8,"column":49}}],"line":8},"1":{"loc":{"start":{"line":13,"column":0},"end":{"line":17,"column":1}},"type":"if","locations":[{"start":{"line":13,"column":0},"end":{"line":17,"column":1}},{"start":{"line":15,"column":7},"end":{"line":17,"column":1}}],"line":13},"2":{"loc":{"start":{"line":23,"column":6},"end":{"line":26,"column":37}},"type":"binary-expr","locations":[{"start":{"line":23,"column":6},"end":{"line":23,"column":29}},{"start":{"line":24,"column":6},"end":{"line":24,"column":23}},{"start":{"line":25,"column":6},"end":{"line":25,"column":30}},{"start":{"line":26,"column":6},"end":{"line":26,"column":37}}],"line":23},"3":{"loc":{"start":{"line":35,"column":2},"end":{"line":37,"column":3}},"type":"if","locations":[{"start":{"line":35,"column":2},"end":{"line":37,"column":3}},{"start":{},"end":{}}],"line":35}},"s":{"0":4,"1":4,"2":4,"3":4,"4":4,"5":4,"6":4,"7":4,"8":4,"9":0,"10":4,"11":4,"12":16,"13":12,"14":12,"15":4,"16":12,"17":12,"18":4,"19":4,"20":4},"f":{"0":16,"1":12,"2":12},"b":{"0":[4,0],"1":[0,4],"2":[16,16,12,12],"3":[12,0]},"_coverageSchema":"1a1c01bbd47fc00a2c39e90264f33305004495a9","hash":"3652d24f88413ad468f718de816e9b0415e94e73"}
,"D:\\Rafael\\Hacktiv\\Phase2\\Day 6\\ip-RizyaRafael\\server\\models\\monster.js": {"path":"D:\\Rafael\\Hacktiv\\Phase2\\Day 6\\ip-RizyaRafael\\server\\models\\monster.js","statementMap":{"0":{"start":{"line":4,"column":4},"end":{"line":4,"column":24}},"1":{"start":{"line":5,"column":0},"end":{"line":26,"column":2}},"2":{"start":{"line":13,"column":6},"end":{"line":13,"column":35}},"3":{"start":{"line":17,"column":2},"end":{"line":24,"column":5}},"4":{"start":{"line":25,"column":2},"end":{"line":25,"column":17}}},"fnMap":{"0":{"name":"(anonymous_0)","decl":{"start":{"line":5,"column":17},"end":{"line":5,"column":18}},"loc":{"start":{"line":5,"column":43},"end":{"line":26,"column":1}},"line":5},"1":{"name":"(anonymous_1)","decl":{"start":{"line":12,"column":4},"end":{"line":12,"column":5}},"loc":{"start":{"line":12,"column":29},"end":{"line":15,"column":5}},"line":12}},"branchMap":{},"s":{"0":4,"1":4,"2":4,"3":4,"4":4},"f":{"0":4,"1":4},"b":{},"_coverageSchema":"1a1c01bbd47fc00a2c39e90264f33305004495a9","hash":"d0bcb964d397056eefd68afe82beede2b2d386a5"}
,"D:\\Rafael\\Hacktiv\\Phase2\\Day 6\\ip-RizyaRafael\\server\\models\\user.js": {"path":"D:\\Rafael\\Hacktiv\\Phase2\\Day 6\\ip-RizyaRafael\\server\\models\\user.js","statementMap":{"0":{"start":{"line":4,"column":4},"end":{"line":4,"column":24}},"1":{"start":{"line":5,"column":21},"end":{"line":5,"column":48}},"2":{"start":{"line":6,"column":0},"end":{"line":71,"column":2}},"3":{"start":{"line":15,"column":6},"end":{"line":15,"column":32}},"4":{"start":{"line":18,"column":2},"end":{"line":66,"column":5}},"5":{"start":{"line":67,"column":2},"end":{"line":69,"column":4}},"6":{"start":{"line":68,"column":4},"end":{"line":68,"column":51}},"7":{"start":{"line":70,"column":2},"end":{"line":70,"column":14}}},"fnMap":{"0":{"name":"(anonymous_0)","decl":{"start":{"line":6,"column":17},"end":{"line":6,"column":18}},"loc":{"start":{"line":6,"column":43},"end":{"line":71,"column":1}},"line":6},"1":{"name":"(anonymous_1)","decl":{"start":{"line":13,"column":4},"end":{"line":13,"column":5}},"loc":{"start":{"line":13,"column":29},"end":{"line":16,"column":5}},"line":13},"2":{"name":"(anonymous_2)","decl":{"start":{"line":67,"column":20},"end":{"line":67,"column":21}},"loc":{"start":{"line":67,"column":40},"end":{"line":69,"column":3}},"line":67}},"branchMap":{},"s":{"0":4,"1":4,"2":4,"3":4,"4":4,"5":4,"6":5,"7":4},"f":{"0":4,"1":4,"2":5},"b":{},"_coverageSchema":"1a1c01bbd47fc00a2c39e90264f33305004495a9","hash":"255e4eade719278a4da201e916c8bdd1d5562059"}
,"D:\\Rafael\\Hacktiv\\Phase2\\Day 6\\ip-RizyaRafael\\server\\router\\index.js": {"path":"D:\\Rafael\\Hacktiv\\Phase2\\Day 6\\ip-RizyaRafael\\server\\router\\index.js","statementMap":{"0":{"start":{"line":1,"column":16},"end":{"line":1,"column":34}},"1":{"start":{"line":2,"column":19},"end":{"line":2,"column":54}},"2":{"start":{"line":3,"column":21},"end":{"line":3,"column":58}},"3":{"start":{"line":4,"column":23},"end":{"line":4,"column":62}},"4":{"start":{"line":5,"column":15},"end":{"line":5,"column":31}},"5":{"start":{"line":6,"column":0},"end":{"line":6,"column":45}},"6":{"start":{"line":7,"column":0},"end":{"line":7,"column":39}},"7":{"start":{"line":8,"column":0},"end":{"line":8,"column":52}},"8":{"start":{"line":10,"column":0},"end":{"line":10,"column":44}},"9":{"start":{"line":11,"column":0},"end":{"line":11,"column":45}},"10":{"start":{"line":12,"column":0},"end":{"line":12,"column":59}},"11":{"start":{"line":15,"column":0},"end":{"line":15,"column":58}},"12":{"start":{"line":17,"column":0},"end":{"line":17,"column":26}},"13":{"start":{"line":18,"column":0},"end":{"line":18,"column":49}},"14":{"start":{"line":19,"column":0},"end":{"line":19,"column":58}},"15":{"start":{"line":20,"column":0},"end":{"line":20,"column":52}},"16":{"start":{"line":22,"column":0},"end":{"line":22,"column":24}},"17":{"start":{"line":23,"column":0},"end":{"line":23,"column":23}}},"fnMap":{},"branchMap":{},"s":{"0":4,"1":4,"2":4,"3":4,"4":4,"5":4,"6":4,"7":4,"8":4,"9":4,"10":4,"11":4,"12":4,"13":4,"14":4,"15":4,"16":4,"17":4},"f":{},"b":{},"_coverageSchema":"1a1c01bbd47fc00a2c39e90264f33305004495a9","hash":"e92c8aa3ff171742263324d175362665255c74ae"}
}
