TN:
SF:app.js
FN:17,(anonymous_0)
FNF:1
FNH:1
FNDA:1,(anonymous_0)
DA:1,4
DA:2,4
DA:5,4
DA:6,4
DA:7,4
DA:8,4
DA:9,4
DA:12,4
DA:13,4
DA:14,4
DA:15,4
DA:17,4
DA:18,1
DA:20,4
LF:14
LH:14
BRDA:1,0,0,4
BRDA:1,0,1,0
BRDA:9,1,0,4
BRDA:9,1,1,4
BRF:4
BRH:3
end_of_record
TN:
SF:Controller\controller.js
FN:9,(anonymous_0)
FN:30,(anonymous_1)
FN:39,(anonymous_2)
FN:66,(anonymous_3)
FN:99,(anonymous_4)
FN:121,(anonymous_5)
FN:130,(anonymous_6)
FN:143,(anonymous_7)
FN:164,(anonymous_8)
FN:196,(anonymous_9)
FNF:10
FNH:2
FNDA:0,(anonymous_0)
FNDA:1,(anonymous_1)
FNDA:0,(anonymous_2)
FNDA:0,(anonymous_3)
FNDA:6,(anonymous_4)
FNDA:0,(anonymous_5)
FNDA:0,(anonymous_6)
FNDA:0,(anonymous_7)
FNDA:0,(anonymous_8)
FNDA:0,(anonymous_9)
DA:1,4
DA:2,4
DA:3,4
DA:4,4
DA:6,4
DA:10,0
DA:11,0
DA:12,0
DA:24,0
DA:26,0
DA:31,1
DA:32,1
DA:33,1
DA:35,0
DA:40,0
DA:41,0
DA:42,0
DA:43,0
DA:46,0
DA:49,0
DA:50,0
DA:52,0
DA:53,0
DA:54,0
DA:56,0
DA:57,0
DA:61,0
DA:62,0
DA:67,0
DA:68,0
DA:69,0
DA:70,0
DA:74,0
DA:75,0
DA:76,0
DA:88,0
DA:89,0
DA:90,0
DA:94,0
DA:95,0
DA:100,6
DA:101,6
DA:102,6
DA:103,2
DA:105,4
DA:106,1
DA:108,3
DA:109,2
DA:112,2
DA:117,4
DA:122,0
DA:123,0
DA:124,0
DA:126,0
DA:131,0
DA:132,0
DA:133,0
DA:134,0
DA:135,0
DA:137,0
DA:139,0
DA:144,0
DA:145,0
DA:146,0
DA:158,0
DA:160,0
DA:165,0
DA:166,0
DA:167,0
DA:168,0
DA:169,0
DA:172,0
DA:173,0
DA:176,0
DA:180,0
DA:188,0
DA:189,0
DA:191,0
DA:192,0
DA:197,0
DA:198,0
DA:199,0
DA:200,0
DA:201,0
DA:203,0
DA:208,0
DA:210,0
DA:215,4
LF:88
LH:19
BRDA:42,0,0,0
BRDA:42,0,1,0
BRDA:42,1,0,0
BRDA:42,1,1,0
BRDA:49,2,0,0
BRDA:49,2,1,0
BRDA:53,3,0,0
BRDA:53,3,1,0
BRDA:89,4,0,0
BRDA:89,4,1,0
BRDA:102,5,0,2
BRDA:102,5,1,4
BRDA:102,6,0,6
BRDA:102,6,1,6
BRDA:105,7,0,1
BRDA:105,7,1,3
BRDA:134,8,0,0
BRDA:134,8,1,0
BRDA:200,9,0,0
BRDA:200,9,1,0
BRF:20
BRH:6
end_of_record
TN:
SF:helper\bcrypt.js
FN:3,hashPass
FN:9,comparePass
FNF:2
FNH:1
FNDA:6,hashPass
FNDA:0,comparePass
DA:1,4
DA:4,6
DA:5,6
DA:6,6
DA:10,0
DA:13,4
LF:6
LH:5
BRF:0
BRH:0
end_of_record
TN:
SF:helper\jwt.js
FN:5,signToken
FN:9,verivyToken
FNF:2
FNH:0
FNDA:0,signToken
FNDA:0,verivyToken
DA:1,4
DA:3,4
DA:6,0
DA:10,0
DA:13,4
LF:5
LH:3
BRF:0
BRH:0
end_of_record
TN:
SF:middleware\authentication.js
FN:6,authentication
FNF:1
FNH:0
FNDA:0,authentication
DA:1,4
DA:2,4
DA:3,4
DA:7,0
DA:8,0
DA:9,0
DA:10,0
DA:12,0
DA:14,0
DA:15,0
DA:16,0
DA:17,0
DA:19,0
DA:23,0
DA:25,0
DA:26,0
DA:30,4
LF:17
LH:4
BRDA:9,0,0,0
BRDA:9,0,1,0
BRDA:16,1,0,0
BRDA:16,1,1,0
BRF:4
BRH:0
end_of_record
TN:
SF:middleware\errorHandler.js
FN:2,errorHandler
FNF:1
FNH:1
FNDA:4,errorHandler
DA:3,4
DA:5,2
DA:8,2
DA:10,1
DA:13,1
DA:15,1
DA:18,1
DA:20,0
DA:23,0
DA:26,0
DA:29,0
DA:31,0
DA:34,0
DA:36,0
DA:39,0
DA:43,4
LF:16
LH:8
BRDA:3,0,0,2
BRDA:3,0,1,1
BRDA:3,0,2,1
BRDA:3,0,3,0
BRDA:3,0,4,0
BRDA:3,0,5,0
BRDA:3,0,6,0
BRDA:3,0,7,0
BRF:8
BRH:3
end_of_record
TN:
SF:models\build.js
FN:5,(anonymous_0)
FN:12,(anonymous_1)
FNF:2
FNH:2
FNDA:4,(anonymous_0)
FNDA:4,(anonymous_1)
DA:4,4
DA:5,4
DA:13,4
DA:14,4
DA:18,4
DA:42,4
LF:6
LH:6
BRF:0
BRH:0
end_of_record
TN:
SF:models\index.js
FN:21,(anonymous_0)
FN:29,(anonymous_1)
FN:34,(anonymous_2)
FNF:3
FNH:3
FNDA:16,(anonymous_0)
FNDA:12,(anonymous_1)
FNDA:12,(anonymous_2)
DA:3,4
DA:4,4
DA:5,4
DA:6,4
DA:7,4
DA:8,4
DA:9,4
DA:10,4
DA:13,4
DA:14,0
DA:16,4
DA:19,4
DA:22,16
DA:30,12
DA:31,12
DA:34,4
DA:35,12
DA:36,12
DA:40,4
DA:41,4
DA:43,4
LF:21
LH:20
BRDA:8,0,0,4
BRDA:8,0,1,0
BRDA:13,1,0,0
BRDA:13,1,1,4
BRDA:23,2,0,16
BRDA:23,2,1,16
BRDA:23,2,2,12
BRDA:23,2,3,12
BRDA:35,3,0,12
BRDA:35,3,1,0
BRF:10
BRH:7
end_of_record
TN:
SF:models\monster.js
FN:5,(anonymous_0)
FN:12,(anonymous_1)
FNF:2
FNH:2
FNDA:4,(anonymous_0)
FNDA:4,(anonymous_1)
DA:4,4
DA:5,4
DA:13,4
DA:17,4
DA:25,4
LF:5
LH:5
BRF:0
BRH:0
end_of_record
TN:
SF:models\user.js
FN:6,(anonymous_0)
FN:13,(anonymous_1)
FN:67,(anonymous_2)
FNF:3
FNH:3
FNDA:4,(anonymous_0)
FNDA:4,(anonymous_1)
FNDA:5,(anonymous_2)
DA:4,4
DA:5,4
DA:6,4
DA:15,4
DA:18,4
DA:67,4
DA:68,5
DA:70,4
LF:8
LH:8
BRF:0
BRH:0
end_of_record
TN:
SF:router\index.js
FNF:0
FNH:0
DA:1,4
DA:2,4
DA:3,4
DA:4,4
DA:5,4
DA:6,4
DA:7,4
DA:8,4
DA:10,4
DA:11,4
DA:12,4
DA:15,4
DA:17,4
DA:18,4
DA:19,4
DA:20,4
DA:22,4
DA:23,4
LF:18
LH:18
BRF:0
BRH:0
end_of_record
